# JRE version: Java(TM) SE Runtime Environment (8.0_144-b01) (build 1.8.0_144-b01)
# Java VM: Java HotSpot(TM) 64-Bit Server VM (25.144-b01 mixed mode bsd-amd64 compressed oops)
Heap:
 par new generation   total 353920K, used 173164K [0x00000006c0000000, 0x00000006d8000000, 0x00000006d8000000)
  eden space 314624K,  46% used [0x00000006c0000000, 0x00000006c8dad670, 0x00000006d3340000)
  from space 39296K,  71% used [0x00000006d3340000, 0x00000006d4eadba0, 0x00000006d59a0000)
  to   space 39296K,   0% used [0x00000006d59a0000, 0x00000006d59a0000, 0x00000006d8000000)
 concurrent mark-sweep generation total 684920K, used 569438K [0x00000006d8000000, 0x0000000701cde000, 0x00000007c0000000)
 Metaspace       used 321978K, capacity 367199K, committed 367520K, reserved 1368064K
  class space    used 39328K, capacity 49317K, committed 49428K, reserved 1048576K
GC Heap History (10 events):
Event: 1765.740 GC heap before
{Heap before GC invocations=217 (full 18):
 par new generation   total 353920K, used 334695K [0x00000006c0000000, 0x00000006d8000000, 0x00000006d8000000)
  eden space 314624K, 100% used [0x00000006c0000000, 0x00000006d3340000, 0x00000006d3340000)
  from space 39296K,  51% used [0x00000006d59a0000, 0x00000006d6d39e28, 0x00000006d8000000)
  to   space 39296K,   0% used [0x00000006d3340000, 0x00000006d3340000, 0x00000006d59a0000)
 concurrent mark-sweep generation total 684920K, used 566254K [0x00000006d8000000, 0x0000000701cde000, 0x00000007c0000000)
 Metaspace       used 321154K, capacity 366365K, committed 366496K, reserved 1366016K
  class space    used 39176K, capacity 49163K, committed 49172K, reserved 1048576K
Event: 1765.820 GC heap after
Heap after GC invocations=218 (full 18):
 par new generation   total 353920K, used 18752K [0x00000006c0000000, 0x00000006d8000000, 0x00000006d8000000)
  eden space 314624K,   0% used [0x00000006c0000000, 0x00000006c0000000, 0x00000006d3340000)
  from space 39296K,  47% used [0x00000006d3340000, 0x00000006d4590240, 0x00000006d59a0000)
  to   space 39296K,   0% used [0x00000006d59a0000, 0x00000006d59a0000, 0x00000006d8000000)
 concurrent mark-sweep generation total 684920K, used 566937K [0x00000006d8000000, 0x0000000701cde000, 0x00000007c0000000)
 Metaspace       used 321154K, capacity 366365K, committed 366496K, reserved 1366016K
  class space    used 39176K, capacity 49163K, committed 49172K, reserved 1048576K
}
Event: 1789.042 GC heap before
{Heap before GC invocations=218 (full 18):
 par new generation   total 353920K, used 333376K [0x00000006c0000000, 0x00000006d8000000, 0x00000006d8000000)
  eden space 314624K, 100% used [0x00000006c0000000, 0x00000006d3340000, 0x00000006d3340000)
  from space 39296K,  47% used [0x00000006d3340000, 0x00000006d4590240, 0x00000006d59a0000)
  to   space 39296K,   0% used [0x00000006d59a0000, 0x00000006d59a0000, 0x00000006d8000000)
 concurrent mark-sweep generation total 684920K, used 566937K [0x00000006d8000000, 0x0000000701cde000, 0x00000007c0000000)
 Metaspace       used 321205K, capacity 366397K, committed 366496K, reserved 1366016K
  class space    used 39179K, capacity 49168K, committed 49172K, reserved 1048576K
Event: 1789.109 GC heap after
Heap after GC invocations=219 (full 18):
 par new generation   total 353920K, used 23004K [0x00000006c0000000, 0x00000006d8000000, 0x00000006d8000000)
  eden space 314624K,   0% used [0x00000006c0000000, 0x00000006c0000000, 0x00000006d3340000)
  from space 39296K,  58% used [0x00000006d59a0000, 0x00000006d70173f8, 0x00000006d8000000)
  to   space 39296K,   0% used [0x00000006d3340000, 0x00000006d3340000, 0x00000006d59a0000)
 concurrent mark-sweep generation total 684920K, used 567007K [0x00000006d8000000, 0x0000000701cde000, 0x00000007c0000000)
 Metaspace       used 321205K, capacity 366397K, committed 366496K, reserved 1366016K
  class space    used 39179K, capacity 49168K, committed 49172K, reserved 1048576K
}
Event: 1828.749 GC heap before
{Heap before GC invocations=219 (full 18):
 par new generation   total 353920K, used 337628K [0x00000006c0000000, 0x00000006d8000000, 0x00000006d8000000)
  eden space 314624K, 100% used [0x00000006c0000000, 0x00000006d3340000, 0x00000006d3340000)
  from space 39296K,  58% used [0x00000006d59a0000, 0x00000006d70173f8, 0x00000006d8000000)
  to   space 39296K,   0% used [0x00000006d3340000, 0x00000006d3340000, 0x00000006d59a0000)
 concurrent mark-sweep generation total 684920K, used 567007K [0x00000006d8000000, 0x0000000701cde000, 0x00000007c0000000)
 Metaspace       used 321345K, capacity 366565K, committed 366880K, reserved 1368064K
  class space    used 39204K, capacity 49204K, committed 49300K, reserved 1048576K
Event: 1829.118 GC heap after
Heap after GC invocations=220 (full 18):
 par new generation   total 353920K, used 26590K [0x00000006c0000000, 0x00000006d8000000, 0x00000006d8000000)
  eden space 314624K,   0% used [0x00000006c0000000, 0x00000006c0000000, 0x00000006d3340000)
  from space 39296K,  67% used [0x00000006d3340000, 0x00000006d4d37a20, 0x00000006d59a0000)
  to   space 39296K,   0% used [0x00000006d59a0000, 0x00000006d59a0000, 0x00000006d8000000)
 concurrent mark-sweep generation total 684920K, used 567633K [0x00000006d8000000, 0x0000000701cde000, 0x00000007c0000000)
 Metaspace       used 321345K, capacity 366565K, committed 366880K, reserved 1368064K
  class space    used 39204K, capacity 49204K, committed 49300K, reserved 1048576K
}
Event: 1909.971 GC heap before
{Heap before GC invocations=220 (full 18):
 par new generation   total 353920K, used 341214K [0x00000006c0000000, 0x00000006d8000000, 0x00000006d8000000)
  eden space 314624K, 100% used [0x00000006c0000000, 0x00000006d3340000, 0x00000006d3340000)
  from space 39296K,  67% used [0x00000006d3340000, 0x00000006d4d37a20, 0x00000006d59a0000)
  to   space 39296K,   0% used [0x00000006d59a0000, 0x00000006d59a0000, 0x00000006d8000000)
 concurrent mark-sweep generation total 684920K, used 567633K [0x00000006d8000000, 0x0000000701cde000, 0x00000007c0000000)
 Metaspace       used 321968K, capacity 367199K, committed 367520K, reserved 1368064K
  class space    used 39328K, capacity 49317K, committed 49428K, reserved 1048576K
Event: 1910.321 GC heap after
Heap after GC invocations=221 (full 18):
 par new generation   total 353920K, used 21883K [0x00000006c0000000, 0x00000006d8000000, 0x00000006d8000000)
  eden space 314624K,   0% used [0x00000006c0000000, 0x00000006c0000000, 0x00000006d3340000)
  from space 39296K,  55% used [0x00000006d59a0000, 0x00000006d6efef50, 0x00000006d8000000)
  to   space 39296K,   0% used [0x00000006d3340000, 0x00000006d3340000, 0x00000006d59a0000)
 concurrent mark-sweep generation total 684920K, used 569092K [0x00000006d8000000, 0x0000000701cde000, 0x00000007c0000000)
 Metaspace       used 321968K, capacity 367199K, committed 367520K, reserved 1368064K
  class space    used 39328K, capacity 49317K, committed 49428K, reserved 1048576K
}
Event: 1928.512 GC heap before
{Heap before GC invocations=221 (full 18):
 par new generation   total 353920K, used 336507K [0x00000006c0000000, 0x00000006d8000000, 0x00000006d8000000)
  eden space 314624K, 100% used [0x00000006c0000000, 0x00000006d3340000, 0x00000006d3340000)
  from space 39296K,  55% used [0x00000006d59a0000, 0x00000006d6efef50, 0x00000006d8000000)
  to   space 39296K,   0% used [0x00000006d3340000, 0x00000006d3340000, 0x00000006d59a0000)
 concurrent mark-sweep generation total 684920K, used 569092K [0x00000006d8000000, 0x0000000701cde000, 0x00000007c0000000)
 Metaspace       used 321977K, capacity 367199K, committed 367520K, reserved 1368064K
  class space    used 39328K, capacity 49317K, committed 49428K, reserved 1048576K
Event: 1929.005 GC heap after
Heap after GC invocations=222 (full 18):
 par new generation   total 353920K, used 28086K [0x00000006c0000000, 0x00000006d8000000, 0x00000006d8000000)
  eden space 314624K,   0% used [0x00000006c0000000, 0x00000006c0000000, 0x00000006d3340000)
  from space 39296K,  71% used [0x00000006d3340000, 0x00000006d4eadba0, 0x00000006d59a0000)
  to   space 39296K,   0% used [0x00000006d59a0000, 0x00000006d59a0000, 0x00000006d8000000)
 concurrent mark-sweep generation total 684920K, used 569438K [0x00000006d8000000, 0x0000000701cde000, 0x00000007c0000000)
 Metaspace       used 321977K, capacity 367199K, committed 367520K, reserved 1368064K
  class space    used 39328K, capacity 49317K, committed 49428K, reserved 1048576K
}

